# JRE version: Java(TM) SE Runtime Environment (7.0_40-b43) (build 1.7.0_40-b43)
# Java VM: Java HotSpot(TM) 64-Bit Server VM (24.0-b56 mixed mode windows-amd64 compressed oops)
Heap
 PSYoungGen      total 501760K, used 128228K [0x00000007d5e80000, 0x00000007f7400000, 0x0000000800000000)
  eden space 459776K, 26% used [0x00000007d5e80000,0x00000007dd520a50,0x00000007f1f80000)
  from space 41984K, 16% used [0x00000007f4780000,0x00000007f4e185b0,0x00000007f7080000)
  to   space 40960K, 0% used [0x00000007f1f80000,0x00000007f1f80000,0x00000007f4780000)
 ParOldGen       total 181248K, used 100584K [0x0000000781c00000, 0x000000078cd00000, 0x00000007d5e80000)
  object space 181248K, 55% used [0x0000000781c00000,0x0000000787e3a0d8,0x000000078cd00000)
 PSPermGen       total 75776K, used 34956K [0x000000077ca00000, 0x0000000781400000, 0x0000000781c00000)
  object space 75776K, 46% used [0x000000077ca00000,0x000000077ec23068,0x0000000781400000)
GC Heap History (10 events):
Event: 92.434 GC heap before
{Heap before GC invocations=12 (full 1):
 PSYoungGen      total 229376K, used 3268K [0x00000007d5e80000, 0x00000007ed400000, 0x0000000800000000)
  eden space 191488K, 0% used [0x00000007d5e80000,0x00000007d5e80000,0x00000007e1980000)
  from space 37888K, 8% used [0x00000007e1980000,0x00000007e1cb1080,0x00000007e3e80000)
  to   space 37888K, 0% used [0x00000007eaf00000,0x00000007eaf00000,0x00000007ed400000)
 ParOldGen       total 101888K, used 97367K [0x0000000781c00000, 0x0000000787f80000, 0x00000007d5e80000)
  object space 101888K, 95% used [0x0000000781c00000,0x0000000787b15fb8,0x0000000787f80000)
 PSPermGen       total 33280K, used 32860K [0x000000077ca00000, 0x000000077ea80000, 0x0000000781c00000)
  object space 33280K, 98% used [0x000000077ca00000,0x000000077ea17068,0x000000077ea80000)
Event: 92.624 GC heap after
Heap after GC invocations=12 (full 1):
 PSYoungGen      total 229376K, used 0K [0x00000007d5e80000, 0x00000007ed400000, 0x0000000800000000)
  eden space 191488K, 0% used [0x00000007d5e80000,0x00000007d5e80000,0x00000007e1980000)
  from space 37888K, 0% used [0x00000007e1980000,0x00000007e1980000,0x00000007e3e80000)
  to   space 37888K, 0% used [0x00000007eaf00000,0x00000007eaf00000,0x00000007ed400000)
 ParOldGen       total 131584K, used 66347K [0x0000000781c00000, 0x0000000789c80000, 0x00000007d5e80000)
  object space 131584K, 50% used [0x0000000781c00000,0x0000000785ccaf88,0x0000000789c80000)
 PSPermGen       total 66048K, used 32842K [0x000000077ca00000, 0x0000000780a80000, 0x0000000781c00000)
  object space 66048K, 49% used [0x000000077ca00000,0x000000077ea12b40,0x0000000780a80000)
}
Event: 181.366 GC heap before
{Heap before GC invocations=13 (full 1):
 PSYoungGen      total 229376K, used 189946K [0x00000007d5e80000, 0x00000007ed400000, 0x0000000800000000)
  eden space 191488K, 99% used [0x00000007d5e80000,0x00000007e17febc8,0x00000007e1980000)
  from space 37888K, 0% used [0x00000007e1980000,0x00000007e1980000,0x00000007e3e80000)
  to   space 37888K, 0% used [0x00000007eaf00000,0x00000007eaf00000,0x00000007ed400000)
 ParOldGen       total 131584K, used 66347K [0x0000000781c00000, 0x0000000789c80000, 0x00000007d5e80000)
  object space 131584K, 50% used [0x0000000781c00000,0x0000000785ccaf88,0x0000000789c80000)
 PSPermGen       total 66048K, used 33929K [0x000000077ca00000, 0x0000000780a80000, 0x0000000781c00000)
  object space 66048K, 51% used [0x000000077ca00000,0x000000077eb22620,0x0000000780a80000)
Event: 181.376 GC heap after
Heap after GC invocations=13 (full 1):
 PSYoungGen      total 324096K, used 9603K [0x00000007d5e80000, 0x00000007ec880000, 0x0000000800000000)
  eden space 297984K, 0% used [0x00000007d5e80000,0x00000007d5e80000,0x00000007e8180000)
  from space 26112K, 36% used [0x00000007eaf00000,0x00000007eb860f50,0x00000007ec880000)
  to   space 36352K, 0% used [0x00000007e8180000,0x00000007e8180000,0x00000007ea500000)
 ParOldGen       total 131584K, used 66347K [0x0000000781c00000, 0x0000000789c80000, 0x00000007d5e80000)
  object space 131584K, 50% used [0x0000000781c00000,0x0000000785ccaf88,0x0000000789c80000)
 PSPermGen       total 66048K, used 33929K [0x000000077ca00000, 0x0000000780a80000, 0x0000000781c00000)
  object space 66048K, 51% used [0x000000077ca00000,0x000000077eb22620,0x0000000780a80000)
}
Event: 18095.992 GC heap before
{Heap before GC invocations=14 (full 1):
 PSYoungGen      total 324096K, used 307587K [0x00000007d5e80000, 0x00000007ec880000, 0x0000000800000000)
  eden space 297984K, 100% used [0x00000007d5e80000,0x00000007e8180000,0x00000007e8180000)
  from space 26112K, 36% used [0x00000007eaf00000,0x00000007eb860f50,0x00000007ec880000)
  to   space 36352K, 0% used [0x00000007e8180000,0x00000007e8180000,0x00000007ea500000)
 ParOldGen       total 131584K, used 66347K [0x0000000781c00000, 0x0000000789c80000, 0x00000007d5e80000)
  object space 131584K, 50% used [0x0000000781c00000,0x0000000785ccaf88,0x0000000789c80000)
 PSPermGen       total 66048K, used 34817K [0x000000077ca00000, 0x0000000780a80000, 0x0000000781c00000)
  object space 66048K, 52% used [0x000000077ca00000,0x000000077ec00468,0x0000000780a80000)
Event: 18096.063 GC heap after
Heap after GC invocations=14 (full 1):
 PSYoungGen      total 334336K, used 34952K [0x00000007d5e80000, 0x00000007f7080000, 0x0000000800000000)
  eden space 297984K, 0% used [0x00000007d5e80000,0x00000007d5e80000,0x00000007e8180000)
  from space 36352K, 96% used [0x00000007e8180000,0x00000007ea3a2118,0x00000007ea500000)
  to   space 41984K, 0% used [0x00000007f4780000,0x00000007f4780000,0x00000007f7080000)
 ParOldGen       total 131584K, used 118828K [0x0000000781c00000, 0x0000000789c80000, 0x00000007d5e80000)
  object space 131584K, 90% used [0x0000000781c00000,0x000000078900b228,0x0000000789c80000)
 PSPermGen       total 66048K, used 34817K [0x000000077ca00000, 0x0000000780a80000, 0x0000000781c00000)
  object space 66048K, 52% used [0x000000077ca00000,0x000000077ec00468,0x0000000780a80000)
}
Event: 18096.063 GC heap before
{Heap before GC invocations=15 (full 2):
 PSYoungGen      total 334336K, used 34952K [0x00000007d5e80000, 0x00000007f7080000, 0x0000000800000000)
  eden space 297984K, 0% used [0x00000007d5e80000,0x00000007d5e80000,0x00000007e8180000)
  from space 36352K, 96% used [0x00000007e8180000,0x00000007ea3a2118,0x00000007ea500000)
  to   space 41984K, 0% used [0x00000007f4780000,0x00000007f4780000,0x00000007f7080000)
 ParOldGen       total 131584K, used 118828K [0x0000000781c00000, 0x0000000789c80000, 0x00000007d5e80000)
  object space 131584K, 90% used [0x0000000781c00000,0x000000078900b228,0x0000000789c80000)
 PSPermGen       total 66048K, used 34817K [0x000000077ca00000, 0x0000000780a80000, 0x0000000781c00000)
  object space 66048K, 52% used [0x000000077ca00000,0x000000077ec00468,0x0000000780a80000)
Event: 18096.325 GC heap after
Heap after GC invocations=15 (full 2):
 PSYoungGen      total 334336K, used 0K [0x00000007d5e80000, 0x00000007f7080000, 0x0000000800000000)
  eden space 297984K, 0% used [0x00000007d5e80000,0x00000007d5e80000,0x00000007e8180000)
  from space 36352K, 0% used [0x00000007e8180000,0x00000007e8180000,0x00000007ea500000)
  to   space 41984K, 0% used [0x00000007f4780000,0x00000007f4780000,0x00000007f7080000)
 ParOldGen       total 181248K, used 100584K [0x0000000781c00000, 0x000000078cd00000, 0x00000007d5e80000)
  object space 181248K, 55% used [0x0000000781c00000,0x0000000787e3a0d8,0x000000078cd00000)
 PSPermGen       total 75776K, used 34749K [0x000000077ca00000, 0x0000000781400000, 0x0000000781c00000)
  object space 75776K, 45% used [0x000000077ca00000,0x000000077ebef798,0x0000000781400000)
}
Event: 18262.484 GC heap before
{Heap before GC invocations=16 (full 2):
 PSYoungGen      total 334336K, used 297984K [0x00000007d5e80000, 0x00000007f7080000, 0x0000000800000000)
  eden space 297984K, 100% used [0x00000007d5e80000,0x00000007e8180000,0x00000007e8180000)
  from space 36352K, 0% used [0x00000007e8180000,0x00000007e8180000,0x00000007ea500000)
  to   space 41984K, 0% used [0x00000007f4780000,0x00000007f4780000,0x00000007f7080000)
 ParOldGen       total 181248K, used 100584K [0x0000000781c00000, 0x000000078cd00000, 0x00000007d5e80000)
  object space 181248K, 55% used [0x0000000781c00000,0x0000000787e3a0d8,0x000000078cd00000)
 PSPermGen       total 75776K, used 34935K [0x000000077ca00000, 0x0000000781400000, 0x0000000781c00000)
  object space 75776K, 46% used [0x000000077ca00000,0x000000077ec1df70,0x0000000781400000)
Event: 18262.494 GC heap after
Heap after GC invocations=16 (full 2):
 PSYoungGen      total 501760K, used 6753K [0x00000007d5e80000, 0x00000007f7400000, 0x0000000800000000)
  eden space 459776K, 0% used [0x00000007d5e80000,0x00000007d5e80000,0x00000007f1f80000)
  from space 41984K, 16% used [0x00000007f4780000,0x00000007f4e185b0,0x00000007f7080000)
  to   space 40960K, 0% used [0x00000007f1f80000,0x00000007f1f80000,0x00000007f4780000)
 ParOldGen       total 181248K, used 100584K [0x0000000781c00000, 0x000000078cd00000, 0x00000007d5e80000)
  object space 181248K, 55% used [0x0000000781c00000,0x0000000787e3a0d8,0x000000078cd00000)
 PSPermGen       total 75776K, used 34935K [0x000000077ca00000, 0x0000000781400000, 0x0000000781c00000)
  object space 75776K, 46% used [0x000000077ca00000,0x000000077ec1df70,0x0000000781400000)
}

